Console App Running
info: 11/15/2025 19:25:39.903 RelationalEventId.CommandExecuted[20101] (Microsoft.EntityFrameworkCore.Database.Command) 
      Executed DbCommand (24ms) [Parameters=[], CommandType='Text', CommandTimeout='30']
      SELECT 1
info: 11/15/2025 19:25:40.196 RelationalEventId.CommandExecuted[20101] (Microsoft.EntityFrameworkCore.Database.Command) 
      Executed DbCommand (282ms) [Parameters=[], CommandType='Text', CommandTimeout='30']
      
      IF EXISTS
          (SELECT *
           FROM [sys].[objects] o
           WHERE [o].[type] = 'U'
           AND [o].[is_ms_shipped] = 0
           AND NOT EXISTS (SELECT *
               FROM [sys].[extended_properties] AS [ep]
               WHERE [ep].[major_id] = [o].[object_id]
                   AND [ep].[minor_id] = 0
                   AND [ep].[class] = 1
                   AND [ep].[name] = N'microsoft_database_tools_support'
          )
      )
      SELECT 1 ELSE SELECT 0
GetAuthors Method Execute =======
info: 11/15/2025 19:25:40.738 RelationalEventId.CommandExecuted[20101] (Microsoft.EntityFrameworkCore.Database.Command) 
      Executed DbCommand (117ms) [Parameters=[@__name_0='?' (Size = 4000)], CommandType='Text', CommandTimeout='30']
      SELECT [a].[AuthorId], [a].[FirstName], [a].[LastName]
      FROM [Authors] AS [a]
      WHERE [a].[LastName] = @__name_0
Ruth Ozeki
